Determining if the pthread_create exist failed with the following output:
Change Dir: /home/gus/Documents/teleop_ws/build/CMakeFiles/CMakeTmp

Run Build Command:"/usr/bin/make" "cmTC_0dae1/fast"
/usr/bin/make -f CMakeFiles/cmTC_0dae1.dir/build.make CMakeFiles/cmTC_0dae1.dir/build
make[1]: Entering directory '/home/gus/Documents/teleop_ws/build/CMakeFiles/CMakeTmp'
Building C object CMakeFiles/cmTC_0dae1.dir/CheckSymbolExists.c.o
/usr/bin/cc    -o CMakeFiles/cmTC_0dae1.dir/CheckSymbolExists.c.o   -c /home/gus/Documents/teleop_ws/build/CMakeFiles/CMakeTmp/CheckSymbolExists.c
Linking C executable cmTC_0dae1
/usr/bin/cmake -E cmake_link_script CMakeFiles/cmTC_0dae1.dir/link.txt --verbose=1
/usr/bin/cc      -rdynamic CMakeFiles/cmTC_0dae1.dir/CheckSymbolExists.c.o  -o cmTC_0dae1 
CMakeFiles/cmTC_0dae1.dir/CheckSymbolExists.c.o: In function `main':
CheckSymbolExists.c:(.text+0x1b): undefined reference to `pthread_create'
collect2: error: ld returned 1 exit status
make[1]: *** [CMakeFiles/cmTC_0dae1.dir/build.make:87: cmTC_0dae1] Error 1
make[1]: Leaving directory '/home/gus/Documents/teleop_ws/build/CMakeFiles/CMakeTmp'
make: *** [Makefile:126: cmTC_0dae1/fast] Error 2

File /home/gus/Documents/teleop_ws/build/CMakeFiles/CMakeTmp/CheckSymbolExists.c:
/* */
#include <pthread.h>

int main(int argc, char** argv)
{
  (void)argv;
#ifndef pthread_create
  return ((int*)(&pthread_create))[argc];
#else
  (void)argc;
  return 0;
#endif
}

Determining if the function pthread_create exists in the pthreads failed with the following output:
Change Dir: /home/gus/Documents/teleop_ws/build/CMakeFiles/CMakeTmp

Run Build Command:"/usr/bin/make" "cmTC_f984f/fast"
/usr/bin/make -f CMakeFiles/cmTC_f984f.dir/build.make CMakeFiles/cmTC_f984f.dir/build
make[1]: Entering directory '/home/gus/Documents/teleop_ws/build/CMakeFiles/CMakeTmp'
Building C object CMakeFiles/cmTC_f984f.dir/CheckFunctionExists.c.o
/usr/bin/cc   -DCHECK_FUNCTION_EXISTS=pthread_create   -o CMakeFiles/cmTC_f984f.dir/CheckFunctionExists.c.o   -c /usr/share/cmake-3.11/Modules/CheckFunctionExists.c
Linking C executable cmTC_f984f
/usr/bin/cmake -E cmake_link_script CMakeFiles/cmTC_f984f.dir/link.txt --verbose=1
/usr/bin/cc  -DCHECK_FUNCTION_EXISTS=pthread_create    -rdynamic CMakeFiles/cmTC_f984f.dir/CheckFunctionExists.c.o  -o cmTC_f984f -lpthreads 
/usr/bin/ld: cannot find -lpthreads
collect2: error: ld returned 1 exit status
make[1]: *** [CMakeFiles/cmTC_f984f.dir/build.make:87: cmTC_f984f] Error 1
make[1]: Leaving directory '/home/gus/Documents/teleop_ws/build/CMakeFiles/CMakeTmp'
make: *** [Makefile:126: cmTC_f984f/fast] Error 2


